Using pre-set license
Built from '2020.3/staging' branch; Version is '2020.3.3f1 (76626098c1c4) revision 7758432'; Using compiler version '192528614'; Build Type 'Release'
OS: 'Windows 7  (6.1.0) 64bit' Language: 'fi' Physical Memory: 8064 MB
BatchMode: 1, IsHumanControllingUs: 0, StartBugReporterOnCrash: 0, Is64bit: 1, IsPro: 0

 COMMAND LINE ARGUMENTS:
C:\Program Files\Unity\Hub\Editor\2020.3.3f1\Editor\Unity.exe
-adb2
-batchMode
-noUpm
-name
AssetImportWorker0
-projectPath
C:/Users/anua/Documents/Unity Projektit/Sphaera/SphareGame
-logFile
Logs/AssetImportWorker0.log
-srvPort
50132
Successfully changed project path to: C:/Users/anua/Documents/Unity Projektit/Sphaera/SphareGame
C:/Users/anua/Documents/Unity Projektit/Sphaera/SphareGame
Using Asset Import Pipeline V2.
Refreshing native plugins compatible for Editor in 59.06 ms, found 0 plugins.
Preloading 0 native plugins for Editor in 0.00 ms.
Initialize engine version: 2020.3.3f1 (76626098c1c4)
[Subsystems] Discovering subsystems at path C:/Program Files/Unity/Hub/Editor/2020.3.3f1/Editor/Data/Resources/UnitySubsystems
[Subsystems] Discovering subsystems at path C:/Users/anua/Documents/Unity Projektit/Sphaera/SphareGame/Assets
GfxDevice: creating device client; threaded=0
d3d11: CreateDXGIFactory2(...) not found, fallbacking to CreateDXGIFactory1(...).
d3d11: QueryInterface(IDXGIFactory5) failed (80004002).
Direct3D:
    Version:  Direct3D 11.0 [level 11.0]
    Renderer: Intel(R) HD Graphics Family (ID=0xa16)
    Vendor:   
    VRAM:     1078 MB
    Driver:   10.18.10.3496
Initialize mono
Mono path[0] = 'C:/Program Files/Unity/Hub/Editor/2020.3.3f1/Editor/Data/Managed'
Mono path[1] = 'C:/Program Files/Unity/Hub/Editor/2020.3.3f1/Editor/Data/MonoBleedingEdge/lib/mono/unityjit'
Mono config path = 'C:/Program Files/Unity/Hub/Editor/2020.3.3f1/Editor/Data/MonoBleedingEdge/etc'
Using monoOptions --debugger-agent=transport=dt_socket,embedding=1,server=y,suspend=n,address=127.0.0.1:56048
Begin MonoManager ReloadAssembly
Registering precompiled unity dll's ...
Register platform support module: C:/Program Files/Unity/Hub/Editor/2020.3.3f1/Editor/Data/PlaybackEngines/WindowsStandaloneSupport/UnityEditor.WindowsStandalone.Extensions.dll
Registered in 0.002129 seconds.
Native extension for WindowsStandalone target not found
Refreshing native plugins compatible for Editor in 40.21 ms, found 0 plugins.
Preloading 0 native plugins for Editor in 0.00 ms.
Invoked RoslynAnalysisRunner static constructor.
RoslynAnalysisRunner will not be running.
RoslynAnalysisRunner has terminated.
Mono: successfully reloaded assembly
- Completed reload, in  4.171 seconds
Platform modules already initialized, skipping
Registering precompiled user dll's ...
Registered in 0.000749 seconds.
Begin MonoManager ReloadAssembly
Native extension for WindowsStandalone target not found
Refreshing native plugins compatible for Editor in 0.28 ms, found 0 plugins.
Preloading 0 native plugins for Editor in 0.00 ms.
Invoked RoslynAnalysisRunner static constructor.
RoslynAnalysisRunner will not be running.
RoslynAnalysisRunner has terminated.
Mono: successfully reloaded assembly
- Completed reload, in  1.151 seconds
Platform modules already initialized, skipping
========================================================================
Worker process is ready to serve import requests
Launched and connected shader compiler UnityShaderCompiler.exe after 0.31 seconds
Refreshing native plugins compatible for Editor in 0.47 ms, found 0 plugins.
Preloading 0 native plugins for Editor in 0.00 ms.
Unloading 1169 Unused Serialized files (Serialized files now loaded: 0)
System memory in use before: 60.6 MB.
System memory in use after: 60.6 MB.

Unloading 10 unused Assets to reduce memory usage. Loaded Objects now: 1612.
Total: 6.833882 ms (FindLiveObjects: 0.262578 ms CreateObjectMapping: 0.082965 ms MarkObjects: 6.343364 ms  DeleteObjects: 0.142408 ms)

========================================================================
Received Import Request.
  path: Assets/Scripts/RollingBall.cs
  artifactKey: Guid(5b30f6bde59ab1d449756565b068ec81) Importer(815301076,1909f56bfc062723c751e8b465ee728b)
Start importing Assets/Scripts/RollingBall.cs using Guid(5b30f6bde59ab1d449756565b068ec81) Importer(815301076,1909f56bfc062723c751e8b465ee728b)  -> (artifact id: '3adad7aec6aa00b718d8c4cf195d497e') in 0.111358 seconds
  Import took 0.117402 seconds .

========================================================================
Received Import Request.
  Time since last request: 9.355436 seconds.
  path: Assets/Scripts/RollingBall.cs
  artifactKey: Guid(5b30f6bde59ab1d449756565b068ec81) Importer(815301076,1909f56bfc062723c751e8b465ee728b)
Start importing Assets/Scripts/RollingBall.cs using Guid(5b30f6bde59ab1d449756565b068ec81) Importer(815301076,1909f56bfc062723c751e8b465ee728b)  -> (artifact id: 'c936f09005f33d6a9369bbb9b7c498e8') in 0.003895 seconds
  Import took 0.009269 seconds .

========================================================================
Received Import Request.
  Time since last request: 127.596562 seconds.
  path: Assets/Scripts/RollingBall.cs
  artifactKey: Guid(5b30f6bde59ab1d449756565b068ec81) Importer(815301076,1909f56bfc062723c751e8b465ee728b)
Start importing Assets/Scripts/RollingBall.cs using Guid(5b30f6bde59ab1d449756565b068ec81) Importer(815301076,1909f56bfc062723c751e8b465ee728b)  -> (artifact id: '4630039a9850d5d4ab42b6eeb246a447') in 0.007155 seconds
  Import took 0.013258 seconds .

========================================================================
Received Import Request.
  Time since last request: 7.598233 seconds.
  path: Assets/Scripts/RollingBall.cs
  artifactKey: Guid(5b30f6bde59ab1d449756565b068ec81) Importer(815301076,1909f56bfc062723c751e8b465ee728b)
Start importing Assets/Scripts/RollingBall.cs using Guid(5b30f6bde59ab1d449756565b068ec81) Importer(815301076,1909f56bfc062723c751e8b465ee728b)  -> (artifact id: '993433c7a06f0b7177a11208a1db1798') in 0.003152 seconds
  Import took 0.006878 seconds .

========================================================================
Received Prepare
Registering precompiled user dll's ...
Registered in 0.001108 seconds.
Begin MonoManager ReloadAssembly
Native extension for WindowsStandalone target not found
Refreshing native plugins compatible for Editor in 0.33 ms, found 0 plugins.
Preloading 0 native plugins for Editor in 0.00 ms.
Invoked RoslynAnalysisRunner static constructor.
RoslynAnalysisRunner will not be running.
RoslynAnalysisRunner has terminated.
Mono: successfully reloaded assembly
- Completed reload, in  1.705 seconds
Platform modules already initialized, skipping
Refreshing native plugins compatible for Editor in 0.47 ms, found 0 plugins.
Preloading 0 native plugins for Editor in 0.00 ms.
Unloading 1151 Unused Serialized files (Serialized files now loaded: 0)
System memory in use before: 59.3 MB.
System memory in use after: 59.3 MB.

Unloading 5 unused Assets to reduce memory usage. Loaded Objects now: 1615.
Total: 10.566430 ms (FindLiveObjects: 0.265144 ms CreateObjectMapping: 0.088524 ms MarkObjects: 10.101999 ms  DeleteObjects: 0.108624 ms)

========================================================================
Received Import Request.
  Time since last request: 81.168738 seconds.
  path: Assets/Prefab/PickUp.prefab
  artifactKey: Guid(81275000c58f5404bbfa7bffbd0b85f8) Importer(815301076,1909f56bfc062723c751e8b465ee728b)
Start importing Assets/Prefab/PickUp.prefab using Guid(81275000c58f5404bbfa7bffbd0b85f8) Importer(815301076,1909f56bfc062723c751e8b465ee728b)  -> (artifact id: 'fb9889843074944702f8e75dccd67772') in 0.155305 seconds
  Import took 0.159139 seconds .

========================================================================
Received Import Request.
  Time since last request: 7.196931 seconds.
  path: Assets/TextMesh Pro
  artifactKey: Guid(f54d1bd14bd3ca042bd867b519fee8cc) Importer(815301076,1909f56bfc062723c751e8b465ee728b)
Start importing Assets/TextMesh Pro using Guid(f54d1bd14bd3ca042bd867b519fee8cc) Importer(815301076,1909f56bfc062723c751e8b465ee728b)  -> (artifact id: '2484382a1d8f9ec7a926f2231ea3e552') in 0.009080 seconds
  Import took 0.014227 seconds .

========================================================================
Received Import Request.
  Time since last request: 4.278845 seconds.
  path: Assets/Scripts/PickUp.cs
  artifactKey: Guid(01b64fa3ae89d5a48993d36c45ef869f) Importer(815301076,1909f56bfc062723c751e8b465ee728b)
Start importing Assets/Scripts/PickUp.cs using Guid(01b64fa3ae89d5a48993d36c45ef869f) Importer(815301076,1909f56bfc062723c751e8b465ee728b)  -> (artifact id: 'c31cf98bd2be50c84fbc34a8c862bcd0') in 0.003734 seconds
  Import took 0.011266 seconds .

========================================================================
Received Prepare
Registering precompiled user dll's ...
Registered in 0.000751 seconds.
Begin MonoManager ReloadAssembly
Native extension for WindowsStandalone target not found
Refreshing native plugins compatible for Editor in 0.33 ms, found 0 plugins.
Preloading 0 native plugins for Editor in 0.00 ms.
Invoked RoslynAnalysisRunner static constructor.
RoslynAnalysisRunner will not be running.
RoslynAnalysisRunner has terminated.
Mono: successfully reloaded assembly
- Completed reload, in  1.460 seconds
Platform modules already initialized, skipping
Refreshing native plugins compatible for Editor in 0.49 ms, found 0 plugins.
Preloading 0 native plugins for Editor in 0.00 ms.
Unloading 1150 Unused Serialized files (Serialized files now loaded: 0)
System memory in use before: 62.4 MB.
System memory in use after: 62.5 MB.

Unloading 6 unused Assets to reduce memory usage. Loaded Objects now: 1625.
Total: 7.354334 ms (FindLiveObjects: 0.499498 ms CreateObjectMapping: 0.107768 ms MarkObjects: 6.642293 ms  DeleteObjects: 0.101781 ms)

========================================================================
Received Prepare
Registering precompiled user dll's ...
Registered in 0.000898 seconds.
Begin MonoManager ReloadAssembly
Native extension for WindowsStandalone target not found
Refreshing native plugins compatible for Editor in 0.31 ms, found 0 plugins.
Preloading 0 native plugins for Editor in 0.00 ms.
Invoked RoslynAnalysisRunner static constructor.
RoslynAnalysisRunner will not be running.
RoslynAnalysisRunner has terminated.
Mono: successfully reloaded assembly
- Completed reload, in  1.783 seconds
Platform modules already initialized, skipping
Refreshing native plugins compatible for Editor in 0.69 ms, found 0 plugins.
Preloading 0 native plugins for Editor in 0.00 ms.
Unloading 1150 Unused Serialized files (Serialized files now loaded: 0)
System memory in use before: 62.4 MB.
System memory in use after: 62.5 MB.

Unloading 5 unused Assets to reduce memory usage. Loaded Objects now: 1628.
Total: 3.957921 ms (FindLiveObjects: 0.435350 ms CreateObjectMapping: 0.164646 ms MarkObjects: 3.268118 ms  DeleteObjects: 0.087241 ms)

========================================================================
Received Import Request.
  Time since last request: 48.843635 seconds.
  path: Assets/Scripts/MovingPlatform.cs
  artifactKey: Guid(c70d9992272351d429e0f88a387b9703) Importer(815301076,1909f56bfc062723c751e8b465ee728b)
Start importing Assets/Scripts/MovingPlatform.cs using Guid(c70d9992272351d429e0f88a387b9703) Importer(815301076,1909f56bfc062723c751e8b465ee728b)  -> (artifact id: 'cbd718e9dcc5b470a3c042cc718f2f7e') in 0.014132 seconds
  Import took 0.017671 seconds .

========================================================================
Received Import Request.
  Time since last request: 0.031958 seconds.
  path: Assets/Scripts/MovingPlatform.cs
  artifactKey: Guid(c70d9992272351d429e0f88a387b9703) Importer(815301076,1909f56bfc062723c751e8b465ee728b)
Start importing Assets/Scripts/MovingPlatform.cs using Guid(c70d9992272351d429e0f88a387b9703) Importer(815301076,1909f56bfc062723c751e8b465ee728b)  -> (artifact id: 'cbd718e9dcc5b470a3c042cc718f2f7e') in 0.002723 seconds
  Import took 0.008007 seconds .

========================================================================
Received Prepare
Registering precompiled user dll's ...
Registered in 0.000803 seconds.
Begin MonoManager ReloadAssembly
Native extension for WindowsStandalone target not found
Refreshing native plugins compatible for Editor in 0.32 ms, found 0 plugins.
Preloading 0 native plugins for Editor in 0.00 ms.
Invoked RoslynAnalysisRunner static constructor.
RoslynAnalysisRunner will not be running.
RoslynAnalysisRunner has terminated.
Mono: successfully reloaded assembly
- Completed reload, in  1.309 seconds
Platform modules already initialized, skipping
Refreshing native plugins compatible for Editor in 0.32 ms, found 0 plugins.
Preloading 0 native plugins for Editor in 0.00 ms.
Unloading 1150 Unused Serialized files (Serialized files now loaded: 0)
System memory in use before: 62.4 MB.
System memory in use after: 62.5 MB.

Unloading 5 unused Assets to reduce memory usage. Loaded Objects now: 1631.
Total: 18.056757 ms (FindLiveObjects: 0.367353 ms CreateObjectMapping: 0.159087 ms MarkObjects: 17.426398 ms  DeleteObjects: 0.100071 ms)

========================================================================
Received Import Request.
  Time since last request: 60.105917 seconds.
  path: Assets/Scripts/RollingBall.cs
  artifactKey: Guid(5b30f6bde59ab1d449756565b068ec81) Importer(815301076,1909f56bfc062723c751e8b465ee728b)
Start importing Assets/Scripts/RollingBall.cs using Guid(5b30f6bde59ab1d449756565b068ec81) Importer(815301076,1909f56bfc062723c751e8b465ee728b)  -> (artifact id: '9a624c3d1f1d0d882ac475642b3b0398') in 0.009132 seconds
  Import took 0.014162 seconds .

========================================================================
Received Prepare
Registering precompiled user dll's ...
Registered in 0.000776 seconds.
Begin MonoManager ReloadAssembly
Native extension for WindowsStandalone target not found
Refreshing native plugins compatible for Editor in 0.31 ms, found 0 plugins.
Preloading 0 native plugins for Editor in 0.00 ms.
Invoked RoslynAnalysisRunner static constructor.
RoslynAnalysisRunner will not be running.
RoslynAnalysisRunner has terminated.
Mono: successfully reloaded assembly
- Completed reload, in  1.312 seconds
Platform modules already initialized, skipping
Refreshing native plugins compatible for Editor in 0.47 ms, found 0 plugins.
Preloading 0 native plugins for Editor in 0.00 ms.
Unloading 1150 Unused Serialized files (Serialized files now loaded: 0)
System memory in use before: 62.4 MB.
System memory in use after: 62.5 MB.

Unloading 5 unused Assets to reduce memory usage. Loaded Objects now: 1634.
Total: 4.178162 ms (FindLiveObjects: 0.364360 ms CreateObjectMapping: 0.107341 ms MarkObjects: 3.611095 ms  DeleteObjects: 0.091945 ms)

========================================================================
Received Prepare
Registering precompiled user dll's ...
Registered in 0.001111 seconds.
Begin MonoManager ReloadAssembly
Native extension for WindowsStandalone target not found
Refreshing native plugins compatible for Editor in 0.46 ms, found 0 plugins.
Preloading 0 native plugins for Editor in 0.00 ms.
Invoked RoslynAnalysisRunner static constructor.
RoslynAnalysisRunner will not be running.
RoslynAnalysisRunner has terminated.
Mono: successfully reloaded assembly
- Completed reload, in  1.177 seconds
Platform modules already initialized, skipping
Refreshing native plugins compatible for Editor in 0.50 ms, found 0 plugins.
Preloading 0 native plugins for Editor in 0.00 ms.
Unloading 1150 Unused Serialized files (Serialized files now loaded: 0)
System memory in use before: 62.4 MB.
System memory in use after: 62.5 MB.

Unloading 5 unused Assets to reduce memory usage. Loaded Objects now: 1637.
Total: 5.834458 ms (FindLiveObjects: 0.268993 ms CreateObjectMapping: 0.089807 ms MarkObjects: 5.364896 ms  DeleteObjects: 0.107768 ms)

AssetImportWorkerClient::OnTransportError - code=2 error=End of file
